Using pre-set license
Built from '2021.3/staging' branch; Version is '2021.3.3f1 (af2e63e8f9bd) revision 11480675'; Using compiler version '192829333'; Build Type 'Release'
OS: 'Windows 10  (10.0.19044) 64bit Education' Language: 'ko' Physical Memory: 16217 MB
BatchMode: 1, IsHumanControllingUs: 0, StartBugReporterOnCrash: 0, Is64bit: 1, IsPro: 1

COMMAND LINE ARGUMENTS:
C:\Program Files\Unity\Hub\Editor\2021.3.3f1\Editor\Unity.exe
-adb2
-batchMode
-noUpm
-name
AssetImportWorker3
-projectPath
C:/Users/Hoon/Toon_shader
-logFile
Logs/AssetImportWorker3.log
-srvPort
9361
Successfully changed project path to: C:/Users/Hoon/Toon_shader
C:/Users/Hoon/Toon_shader
[UnityMemory] Configuration Parameters - Can be set up in boot.config
    "memorysetup-bucket-allocator-granularity=16"
    "memorysetup-bucket-allocator-bucket-count=8"
    "memorysetup-bucket-allocator-block-size=33554432"
    "memorysetup-bucket-allocator-block-count=8"
    "memorysetup-main-allocator-block-size=16777216"
    "memorysetup-thread-allocator-block-size=16777216"
    "memorysetup-gfx-main-allocator-block-size=16777216"
    "memorysetup-gfx-thread-allocator-block-size=16777216"
    "memorysetup-cache-allocator-block-size=4194304"
    "memorysetup-typetree-allocator-block-size=2097152"
    "memorysetup-profiler-bucket-allocator-granularity=16"
    "memorysetup-profiler-bucket-allocator-bucket-count=8"
    "memorysetup-profiler-bucket-allocator-block-size=33554432"
    "memorysetup-profiler-bucket-allocator-block-count=8"
    "memorysetup-profiler-allocator-block-size=16777216"
    "memorysetup-profiler-editor-allocator-block-size=1048576"
    "memorysetup-temp-allocator-size-main=16777216"
    "memorysetup-job-temp-allocator-block-size=2097152"
    "memorysetup-job-temp-allocator-block-size-background=1048576"
    "memorysetup-job-temp-allocator-reduction-small-platforms=262144"
    "memorysetup-temp-allocator-size-background-worker=32768"
    "memorysetup-temp-allocator-size-job-worker=262144"
    "memorysetup-temp-allocator-size-preload-manager=33554432"
    "memorysetup-temp-allocator-size-nav-mesh-worker=65536"
    "memorysetup-temp-allocator-size-audio-worker=65536"
    "memorysetup-temp-allocator-size-cloud-worker=32768"
    "memorysetup-temp-allocator-size-gi-baking-worker=262144"
    "memorysetup-temp-allocator-size-gfx=262144"
Refreshing native plugins compatible for Editor in 77.37 ms, found 3 plugins.
Preloading 0 native plugins for Editor in 0.00 ms.
Initialize engine version: 2021.3.3f1 (af2e63e8f9bd)
[Subsystems] Discovering subsystems at path C:/Program Files/Unity/Hub/Editor/2021.3.3f1/Editor/Data/Resources/UnitySubsystems
[Subsystems] Discovering subsystems at path C:/Users/Hoon/Toon_shader/Assets
GfxDevice: creating device client; threaded=0; jobified=0
Direct3D:
    Version:  Direct3D 11.0 [level 11.1]
    Renderer: NVIDIA GeForce GTX 1060 3GB (ID=0x1b84)
    Vendor:   NVIDIA
    VRAM:     2988 MB
    Driver:   27.21.14.5671
Initialize mono
Mono path[0] = 'C:/Program Files/Unity/Hub/Editor/2021.3.3f1/Editor/Data/Managed'
Mono path[1] = 'C:/Program Files/Unity/Hub/Editor/2021.3.3f1/Editor/Data/MonoBleedingEdge/lib/mono/unityjit-win32'
Mono config path = 'C:/Program Files/Unity/Hub/Editor/2021.3.3f1/Editor/Data/MonoBleedingEdge/etc'
Using monoOptions --debugger-agent=transport=dt_socket,embedding=1,server=y,suspend=n,address=127.0.0.1:56880
Begin MonoManager ReloadAssembly
Registering precompiled unity dll's ...
Register platform support module: C:/Program Files/Unity/Hub/Editor/2021.3.3f1/Editor/Data/PlaybackEngines/AndroidPlayer/UnityEditor.Android.Extensions.dll
Register platform support module: C:/Program Files/Unity/Hub/Editor/2021.3.3f1/Editor/Data/PlaybackEngines/iOSSupport/UnityEditor.iOS.Extensions.dll
Register platform support module: C:/Program Files/Unity/Hub/Editor/2021.3.3f1/Editor/Data/PlaybackEngines/WindowsStandaloneSupport/UnityEditor.WindowsStandalone.Extensions.dll
Registered in 0.013283 seconds.
Native extension for WindowsStandalone target not found
[usbmuxd] Start listen thread
[usbmuxd] Listen thread started
[usbmuxd] Send listen message
Native extension for iOS target not found
Native extension for Android target not found
Refreshing native plugins compatible for Editor in 71.24 ms, found 3 plugins.
Preloading 0 native plugins for Editor in 0.00 ms.
Mono: successfully reloaded assembly
- Completed reload, in  0.562 seconds
Domain Reload Profiling:
	ReloadAssembly (562ms)
		BeginReloadAssembly (75ms)
			ExecutionOrderSort (0ms)
			DisableScriptedObjects (0ms)
			BackupInstance (0ms)
			ReleaseScriptingObjects (0ms)
			CreateAndSetChildDomain (1ms)
		EndReloadAssembly (384ms)
			LoadAssemblies (73ms)
			RebuildTransferFunctionScriptingTraits (0ms)
			SetupTypeCache (79ms)
			ReleaseScriptCaches (0ms)
			RebuildScriptCaches (26ms)
			SetupLoadedEditorAssemblies (236ms)
				LogAssemblyErrors (0ms)
				InitializePlatformSupportModulesInManaged (56ms)
				SetLoadedEditorAssemblies (0ms)
				RefreshPlugins (71ms)
				BeforeProcessingInitializeOnLoad (1ms)
				ProcessInitializeOnLoadAttributes (72ms)
				ProcessInitializeOnLoadMethodAttributes (35ms)
				AfterProcessingInitializeOnLoad (0ms)
				EditorAssembliesLoaded (0ms)
			ExecutionOrderSort2 (0ms)
			AwakeInstancesAfterBackupRestoration (0ms)
Platform modules already initialized, skipping
Registering precompiled user dll's ...
Registered in 0.007456 seconds.
Begin MonoManager ReloadAssembly
Symbol file LoadedFromMemory doesn't match image C:\Users\Hoon\Toon_shader\Library\PackageCache\com.unity.visualscripting@1.7.6\Editor\VisualScripting.Core\Dependencies\YamlDotNet\Unity.VisualScripting.YamlDotNet.dll
Symbol file LoadedFromMemory doesn't match image C:\Users\Hoon\Toon_shader\Library\PackageCache\com.unity.visualscripting@1.7.6\Editor\VisualScripting.Core\Dependencies\DotNetZip\Unity.VisualScripting.IonicZip.dll
Native extension for WindowsStandalone target not found
Native extension for iOS target not found
Native extension for Android target not found
Refreshing native plugins compatible for Editor in 0.81 ms, found 3 plugins.
Preloading 0 native plugins for Editor in 0.00 ms.
Mono: successfully reloaded assembly
- Completed reload, in  1.576 seconds
Domain Reload Profiling:
	ReloadAssembly (1577ms)
		BeginReloadAssembly (760ms)
			ExecutionOrderSort (0ms)
			DisableScriptedObjects (4ms)
			BackupInstance (0ms)
			ReleaseScriptingObjects (0ms)
			CreateAndSetChildDomain (668ms)
		EndReloadAssembly (713ms)
			LoadAssemblies (83ms)
			RebuildTransferFunctionScriptingTraits (0ms)
			SetupTypeCache (205ms)
			ReleaseScriptCaches (0ms)
			RebuildScriptCaches (43ms)
			SetupLoadedEditorAssemblies (355ms)
				LogAssemblyErrors (0ms)
				InitializePlatformSupportModulesInManaged (25ms)
				SetLoadedEditorAssemblies (1ms)
				RefreshPlugins (1ms)
				BeforeProcessingInitializeOnLoad (96ms)
				ProcessInitializeOnLoadAttributes (195ms)
				ProcessInitializeOnLoadMethodAttributes (25ms)
				AfterProcessingInitializeOnLoad (12ms)
				EditorAssembliesLoaded (0ms)
			ExecutionOrderSort2 (0ms)
			AwakeInstancesAfterBackupRestoration (6ms)
Platform modules already initialized, skipping
========================================================================
Worker process is ready to serve import requests
Launched and connected shader compiler UnityShaderCompiler.exe after 0.03 seconds
Refreshing native plugins compatible for Editor in 0.68 ms, found 3 plugins.
Preloading 0 native plugins for Editor in 0.00 ms.
Unloading 3495 Unused Serialized files (Serialized files now loaded: 0)
Unloading 28 unused Assets / (469.1 KB). Loaded Objects now: 3963.
Memory consumption went from 138.5 MB to 138.1 MB.
Total: 3.271700 ms (FindLiveObjects: 0.391900 ms CreateObjectMapping: 0.206400 ms MarkObjects: 2.440800 ms  DeleteObjects: 0.231500 ms)

AssetImportParameters requested are different than current active one (requested -> active):
  custom:video-decoder-ogg-theora: a1e56fd34408186e4bbccfd4996cb3dc -> 
  custom:container-muxer-webm: aa71ff27fc2769a1b78a27578f13a17b -> 
  custom:container-demuxer-webm: 4f35f7cbe854078d1ac9338744f61a02 -> 
  custom:video-encoder-webm-vp8: eb34c28f22e8b96e1ab97ce403110664 -> 
  custom:audio-encoder-webm-vorbis: bf7c407c2cedff20999df2af8eb42d56 -> 
  custom:framework-win-MediaFoundation: 216162199b28c13a410421893ffa2e32 -> 
  custom:container-demuxer-ogg: 62fdf1f143b41e24485cea50d1cbac27 -> 
  custom:video-decoder-webm-vp8: 9c59270c3fd7afecdb556c50c9e8de78 -> 
  custom:audio-decoder-ogg-vorbis: bf7c407c2cedff20999df2af8eb42d56 -> 
========================================================================
Received Import Request.
  Time since last request: 5310.115670 seconds.
  path: Assets/3D Game Kit - Environment Pack/Environment/Rocks/Textures/RockFloating01_Albedo.tif
  artifactKey: Guid(99a4c2d1de8595c468a9eab6cfd8cb74) Importer(815301076,1909f56bfc062723c751e8b465ee728b)
Start importing Assets/3D Game Kit - Environment Pack/Environment/Rocks/Textures/RockFloating01_Albedo.tif using Guid(99a4c2d1de8595c468a9eab6cfd8cb74) Importer(815301076,1909f56bfc062723c751e8b465ee728b)  -> (artifact id: '26658f2afd15671083d0a7b72ee99116') in 0.068279 seconds 
========================================================================
Received Import Request.
  Time since last request: 0.057774 seconds.
  path: Assets/3D Game Kit - Environment Pack/Environment/Rocks/Textures/RockFloating03_Normal.tif
  artifactKey: Guid(aa9f0ee466de7e243be6369743cc3580) Importer(815301076,1909f56bfc062723c751e8b465ee728b)
Start importing Assets/3D Game Kit - Environment Pack/Environment/Rocks/Textures/RockFloating03_Normal.tif using Guid(aa9f0ee466de7e243be6369743cc3580) Importer(815301076,1909f56bfc062723c751e8b465ee728b)  -> (artifact id: '329cf31b40832eed7a0e7ab31d6cda26') in 0.032872 seconds 
========================================================================
Received Import Request.
  Time since last request: 6.489003 seconds.
  path: Assets/Newbie & Friends/Textures/Girl/Girl_BaseColor.png
  artifactKey: Guid(8f4ae087e5d7ff24494ff39798ba0451) Importer(815301076,1909f56bfc062723c751e8b465ee728b)
Start importing Assets/Newbie & Friends/Textures/Girl/Girl_BaseColor.png using Guid(8f4ae087e5d7ff24494ff39798ba0451) Importer(815301076,1909f56bfc062723c751e8b465ee728b)  -> (artifact id: 'cfa035e0b57c602a81b476401ff8aac3') in 0.018896 seconds 
========================================================================
Received Import Request.
  Time since last request: 0.687672 seconds.
  path: Assets/3D Game Kit - Environment Pack/Environment/Rocks/Textures/RockLedge01_Normals.tif
  artifactKey: Guid(b47747827ac239241bc0d3af9c8b2fbf) Importer(815301076,1909f56bfc062723c751e8b465ee728b)
Start importing Assets/3D Game Kit - Environment Pack/Environment/Rocks/Textures/RockLedge01_Normals.tif using Guid(b47747827ac239241bc0d3af9c8b2fbf) Importer(815301076,1909f56bfc062723c751e8b465ee728b)  -> (artifact id: '2757ebe522dcb47029a6a03da2b8cf4a') in 0.022542 seconds 
========================================================================
Received Import Request.
  Time since last request: 0.071777 seconds.
  path: Assets/3D Game Kit - Environment Pack/Environment/Rocks/Textures/RockSwamp01_Normals.tif
  artifactKey: Guid(90b1094258b43f949b57ca71615843c5) Importer(815301076,1909f56bfc062723c751e8b465ee728b)
Start importing Assets/3D Game Kit - Environment Pack/Environment/Rocks/Textures/RockSwamp01_Normals.tif using Guid(90b1094258b43f949b57ca71615843c5) Importer(815301076,1909f56bfc062723c751e8b465ee728b)  -> (artifact id: '7470f5759fc398de2a011f6865229d57') in 0.012133 seconds 
========================================================================
Received Import Request.
  Time since last request: 0.130597 seconds.
  path: Assets/Newbie & Friends/Textures/Skeleton/Skeleton_Occlusion.png
  artifactKey: Guid(4fda2facf0de2c545bf486f23688647b) Importer(815301076,1909f56bfc062723c751e8b465ee728b)
Start importing Assets/Newbie & Friends/Textures/Skeleton/Skeleton_Occlusion.png using Guid(4fda2facf0de2c545bf486f23688647b) Importer(815301076,1909f56bfc062723c751e8b465ee728b)  -> (artifact id: '53bf8761446636cde9db7dc63f4c285a') in 0.009665 seconds 
========================================================================
Received Import Request.
  Time since last request: 0.050569 seconds.
  path: Assets/3D Game Kit - Environment Pack/Environment/Rocks/Textures/SmallRock_Normal.tif
  artifactKey: Guid(cf9f0624c0d33f745b1bd2157bd288f0) Importer(815301076,1909f56bfc062723c751e8b465ee728b)
Start importing Assets/3D Game Kit - Environment Pack/Environment/Rocks/Textures/SmallRock_Normal.tif using Guid(cf9f0624c0d33f745b1bd2157bd288f0) Importer(815301076,1909f56bfc062723c751e8b465ee728b)  -> (artifact id: '35a4d4d353277f811cd442df168da1b3') in 0.010077 seconds 
========================================================================
Received Import Request.
  Time since last request: 0.000014 seconds.
  path: Assets/3D Game Kit - Environment Pack/Environment/Ground/Textures/SmallStones_Normal.tif
  artifactKey: Guid(12be41cd2643a5e41b604f470c2d35a8) Importer(815301076,1909f56bfc062723c751e8b465ee728b)
Start importing Assets/3D Game Kit - Environment Pack/Environment/Ground/Textures/SmallStones_Normal.tif using Guid(12be41cd2643a5e41b604f470c2d35a8) Importer(815301076,1909f56bfc062723c751e8b465ee728b)  -> (artifact id: '97564acb1d0ea345bc6ae44b8c1e4b76') in 0.010552 seconds 
========================================================================
Received Import Request.
  Time since last request: 0.000016 seconds.
  path: Assets/3D Game Kit - Environment Pack/Environment/Ground/Textures/SmallStones_Albedo.tif
  artifactKey: Guid(8eb7c22efef95d4419727a0fd3a6c6a3) Importer(815301076,1909f56bfc062723c751e8b465ee728b)
Start importing Assets/3D Game Kit - Environment Pack/Environment/Ground/Textures/SmallStones_Albedo.tif using Guid(8eb7c22efef95d4419727a0fd3a6c6a3) Importer(815301076,1909f56bfc062723c751e8b465ee728b)  -> (artifact id: '26d1e16917a70cb0a8200a3ce398d5cd') in 0.011749 seconds 
========================================================================
Received Import Request.
  Time since last request: 0.177030 seconds.
  path: Assets/3D Game Kit - Environment Pack/Environment/Rocks/Textures/TiledRock_Normal.tif
  artifactKey: Guid(b4e10e869a8ec9943acdfc561ba054b8) Importer(815301076,1909f56bfc062723c751e8b465ee728b)
Start importing Assets/3D Game Kit - Environment Pack/Environment/Rocks/Textures/TiledRock_Normal.tif using Guid(b4e10e869a8ec9943acdfc561ba054b8) Importer(815301076,1909f56bfc062723c751e8b465ee728b)  -> (artifact id: 'd3da48a420cd7bbe2a8e765375deecd0') in 0.011221 seconds 
========================================================================
Received Import Request.
  Time since last request: 0.082814 seconds.
  path: Assets/3D Game Kit - Environment Pack/Environment/Vegetation/Large/Textures/VegetationLarge01_MetallicSmooth.tif
  artifactKey: Guid(d1d95268b7dd24d4b8127b46b6fa6909) Importer(815301076,1909f56bfc062723c751e8b465ee728b)
Start importing Assets/3D Game Kit - Environment Pack/Environment/Vegetation/Large/Textures/VegetationLarge01_MetallicSmooth.tif using Guid(d1d95268b7dd24d4b8127b46b6fa6909) Importer(815301076,1909f56bfc062723c751e8b465ee728b)  -> (artifact id: '223b5aadcf7bd6875db278a72082c5d6') in 0.013926 seconds 
========================================================================
Received Import Request.
  Time since last request: 0.000024 seconds.
  path: Assets/3D Game Kit - Environment Pack/Environment/Vegetation/Large/Textures/VegetationLarge01_Occlusion.tif
  artifactKey: Guid(870953844c6009b4fb28f179aa0d8515) Importer(815301076,1909f56bfc062723c751e8b465ee728b)
Start importing Assets/3D Game Kit - Environment Pack/Environment/Vegetation/Large/Textures/VegetationLarge01_Occlusion.tif using Guid(870953844c6009b4fb28f179aa0d8515) Importer(815301076,1909f56bfc062723c751e8b465ee728b)  -> (artifact id: '6be484e0c6be163391e7db1438a5ab28') in 0.012083 seconds 
========================================================================
Received Import Request.
  Time since last request: 0.246804 seconds.
  path: Assets/3D Game Kit - Environment Pack/Environment/Vegetation/Large/Textures/VegetationLarge04_Albedo.tif
  artifactKey: Guid(ee204ea43c0b9e741b930c74756f3619) Importer(815301076,1909f56bfc062723c751e8b465ee728b)
Start importing Assets/3D Game Kit - Environment Pack/Environment/Vegetation/Large/Textures/VegetationLarge04_Albedo.tif using Guid(ee204ea43c0b9e741b930c74756f3619) Importer(815301076,1909f56bfc062723c751e8b465ee728b)  -> (artifact id: '9c153e984dffc7b38353899c6da69457') in 0.010198 seconds 
Editor requested this worker to shutdown with reason: Scaling down because of idle timeout
AssetImportWorker is now disconnected from the server
Process exiting
Exiting without the bug reporter. Application will terminate with return code 0