Using pre-set license
Built from '2021.3/staging' branch; Version is '2021.3.3f1 (af2e63e8f9bd) revision 11480675'; Using compiler version '192829333'; Build Type 'Release'
OS: 'Windows 10  (10.0.19044) 64bit Education' Language: 'ko' Physical Memory: 16217 MB
BatchMode: 1, IsHumanControllingUs: 0, StartBugReporterOnCrash: 0, Is64bit: 1, IsPro: 1

COMMAND LINE ARGUMENTS:
C:\Program Files\Unity\Hub\Editor\2021.3.3f1\Editor\Unity.exe
-adb2
-batchMode
-noUpm
-name
AssetImportWorker6
-projectPath
C:/Users/Hoon/Toon_shader
-logFile
Logs/AssetImportWorker6.log
-srvPort
9361
Successfully changed project path to: C:/Users/Hoon/Toon_shader
C:/Users/Hoon/Toon_shader
[UnityMemory] Configuration Parameters - Can be set up in boot.config
    "memorysetup-bucket-allocator-granularity=16"
    "memorysetup-bucket-allocator-bucket-count=8"
    "memorysetup-bucket-allocator-block-size=33554432"
    "memorysetup-bucket-allocator-block-count=8"
    "memorysetup-main-allocator-block-size=16777216"
    "memorysetup-thread-allocator-block-size=16777216"
    "memorysetup-gfx-main-allocator-block-size=16777216"
    "memorysetup-gfx-thread-allocator-block-size=16777216"
    "memorysetup-cache-allocator-block-size=4194304"
    "memorysetup-typetree-allocator-block-size=2097152"
    "memorysetup-profiler-bucket-allocator-granularity=16"
    "memorysetup-profiler-bucket-allocator-bucket-count=8"
    "memorysetup-profiler-bucket-allocator-block-size=33554432"
    "memorysetup-profiler-bucket-allocator-block-count=8"
    "memorysetup-profiler-allocator-block-size=16777216"
    "memorysetup-profiler-editor-allocator-block-size=1048576"
    "memorysetup-temp-allocator-size-main=16777216"
    "memorysetup-job-temp-allocator-block-size=2097152"
    "memorysetup-job-temp-allocator-block-size-background=1048576"
    "memorysetup-job-temp-allocator-reduction-small-platforms=262144"
    "memorysetup-temp-allocator-size-background-worker=32768"
    "memorysetup-temp-allocator-size-job-worker=262144"
    "memorysetup-temp-allocator-size-preload-manager=33554432"
    "memorysetup-temp-allocator-size-nav-mesh-worker=65536"
    "memorysetup-temp-allocator-size-audio-worker=65536"
    "memorysetup-temp-allocator-size-cloud-worker=32768"
    "memorysetup-temp-allocator-size-gi-baking-worker=262144"
    "memorysetup-temp-allocator-size-gfx=262144"
Refreshing native plugins compatible for Editor in 79.84 ms, found 3 plugins.
Preloading 0 native plugins for Editor in 0.00 ms.
Initialize engine version: 2021.3.3f1 (af2e63e8f9bd)
[Subsystems] Discovering subsystems at path C:/Program Files/Unity/Hub/Editor/2021.3.3f1/Editor/Data/Resources/UnitySubsystems
[Subsystems] Discovering subsystems at path C:/Users/Hoon/Toon_shader/Assets
GfxDevice: creating device client; threaded=0; jobified=0
Direct3D:
    Version:  Direct3D 11.0 [level 11.1]
    Renderer: NVIDIA GeForce GTX 1060 3GB (ID=0x1b84)
    Vendor:   NVIDIA
    VRAM:     2988 MB
    Driver:   27.21.14.5671
Initialize mono
Mono path[0] = 'C:/Program Files/Unity/Hub/Editor/2021.3.3f1/Editor/Data/Managed'
Mono path[1] = 'C:/Program Files/Unity/Hub/Editor/2021.3.3f1/Editor/Data/MonoBleedingEdge/lib/mono/unityjit-win32'
Mono config path = 'C:/Program Files/Unity/Hub/Editor/2021.3.3f1/Editor/Data/MonoBleedingEdge/etc'
Using monoOptions --debugger-agent=transport=dt_socket,embedding=1,server=y,suspend=n,address=127.0.0.1:56580
Begin MonoManager ReloadAssembly
Registering precompiled unity dll's ...
Register platform support module: C:/Program Files/Unity/Hub/Editor/2021.3.3f1/Editor/Data/PlaybackEngines/AndroidPlayer/UnityEditor.Android.Extensions.dll
Register platform support module: C:/Program Files/Unity/Hub/Editor/2021.3.3f1/Editor/Data/PlaybackEngines/iOSSupport/UnityEditor.iOS.Extensions.dll
Register platform support module: C:/Program Files/Unity/Hub/Editor/2021.3.3f1/Editor/Data/PlaybackEngines/WindowsStandaloneSupport/UnityEditor.WindowsStandalone.Extensions.dll
Registered in 0.013450 seconds.
Native extension for WindowsStandalone target not found
[usbmuxd] Start listen thread
[usbmuxd] Listen thread started
[usbmuxd] Send listen message
Native extension for iOS target not found
Native extension for Android target not found
Refreshing native plugins compatible for Editor in 71.89 ms, found 3 plugins.
Preloading 0 native plugins for Editor in 0.00 ms.
Mono: successfully reloaded assembly
- Completed reload, in  0.564 seconds
Domain Reload Profiling:
	ReloadAssembly (564ms)
		BeginReloadAssembly (74ms)
			ExecutionOrderSort (0ms)
			DisableScriptedObjects (0ms)
			BackupInstance (0ms)
			ReleaseScriptingObjects (0ms)
			CreateAndSetChildDomain (1ms)
		EndReloadAssembly (388ms)
			LoadAssemblies (71ms)
			RebuildTransferFunctionScriptingTraits (0ms)
			SetupTypeCache (83ms)
			ReleaseScriptCaches (0ms)
			RebuildScriptCaches (25ms)
			SetupLoadedEditorAssemblies (235ms)
				LogAssemblyErrors (0ms)
				InitializePlatformSupportModulesInManaged (54ms)
				SetLoadedEditorAssemblies (0ms)
				RefreshPlugins (72ms)
				BeforeProcessingInitializeOnLoad (1ms)
				ProcessInitializeOnLoadAttributes (73ms)
				ProcessInitializeOnLoadMethodAttributes (35ms)
				AfterProcessingInitializeOnLoad (0ms)
				EditorAssembliesLoaded (0ms)
			ExecutionOrderSort2 (0ms)
			AwakeInstancesAfterBackupRestoration (0ms)
Platform modules already initialized, skipping
Registering precompiled user dll's ...
Registered in 0.007215 seconds.
Begin MonoManager ReloadAssembly
Symbol file LoadedFromMemory doesn't match image C:\Users\Hoon\Toon_shader\Library\PackageCache\com.unity.visualscripting@1.7.6\Editor\VisualScripting.Core\Dependencies\YamlDotNet\Unity.VisualScripting.YamlDotNet.dll
Symbol file LoadedFromMemory doesn't match image C:\Users\Hoon\Toon_shader\Library\PackageCache\com.unity.visualscripting@1.7.6\Editor\VisualScripting.Core\Dependencies\DotNetZip\Unity.VisualScripting.IonicZip.dll
Native extension for WindowsStandalone target not found
Native extension for iOS target not found
Native extension for Android target not found
Refreshing native plugins compatible for Editor in 0.45 ms, found 3 plugins.
Preloading 0 native plugins for Editor in 0.00 ms.
Mono: successfully reloaded assembly
- Completed reload, in  1.656 seconds
Domain Reload Profiling:
	ReloadAssembly (1656ms)
		BeginReloadAssembly (881ms)
			ExecutionOrderSort (0ms)
			DisableScriptedObjects (4ms)
			BackupInstance (0ms)
			ReleaseScriptingObjects (0ms)
			CreateAndSetChildDomain (786ms)
		EndReloadAssembly (680ms)
			LoadAssemblies (84ms)
			RebuildTransferFunctionScriptingTraits (0ms)
			SetupTypeCache (212ms)
			ReleaseScriptCaches (0ms)
			RebuildScriptCaches (40ms)
			SetupLoadedEditorAssemblies (320ms)
				LogAssemblyErrors (0ms)
				InitializePlatformSupportModulesInManaged (22ms)
				SetLoadedEditorAssemblies (0ms)
				RefreshPlugins (0ms)
				BeforeProcessingInitializeOnLoad (81ms)
				ProcessInitializeOnLoadAttributes (183ms)
				ProcessInitializeOnLoadMethodAttributes (21ms)
				AfterProcessingInitializeOnLoad (12ms)
				EditorAssembliesLoaded (0ms)
			ExecutionOrderSort2 (0ms)
			AwakeInstancesAfterBackupRestoration (5ms)
Platform modules already initialized, skipping
========================================================================
Worker process is ready to serve import requests
Launched and connected shader compiler UnityShaderCompiler.exe after 0.03 seconds
Refreshing native plugins compatible for Editor in 0.52 ms, found 3 plugins.
Preloading 0 native plugins for Editor in 0.00 ms.
Unloading 3495 Unused Serialized files (Serialized files now loaded: 0)
Unloading 28 unused Assets / (469.5 KB). Loaded Objects now: 3980.
Memory consumption went from 150.4 MB to 149.9 MB.
Total: 2.829000 ms (FindLiveObjects: 0.199000 ms CreateObjectMapping: 0.095400 ms MarkObjects: 2.321500 ms  DeleteObjects: 0.211600 ms)

AssetImportParameters requested are different than current active one (requested -> active):
  custom:video-decoder-ogg-theora: a1e56fd34408186e4bbccfd4996cb3dc -> 
  custom:container-muxer-webm: aa71ff27fc2769a1b78a27578f13a17b -> 
  custom:container-demuxer-webm: 4f35f7cbe854078d1ac9338744f61a02 -> 
  custom:video-encoder-webm-vp8: eb34c28f22e8b96e1ab97ce403110664 -> 
  custom:audio-encoder-webm-vorbis: bf7c407c2cedff20999df2af8eb42d56 -> 
  custom:framework-win-MediaFoundation: 216162199b28c13a410421893ffa2e32 -> 
  custom:container-demuxer-ogg: 62fdf1f143b41e24485cea50d1cbac27 -> 
  custom:video-decoder-webm-vp8: 9c59270c3fd7afecdb556c50c9e8de78 -> 
  custom:audio-decoder-ogg-vorbis: bf7c407c2cedff20999df2af8eb42d56 -> 
========================================================================
Received Import Request.
  Time since last request: 6759.975081 seconds.
  path: Assets/3D Game Kit - Environment Pack/Environment/Vegetation/Small/Small
  artifactKey: Guid(60e74b6719d68f3419a15feae5f72f83) Importer(815301076,1909f56bfc062723c751e8b465ee728b)
Start importing Assets/3D Game Kit - Environment Pack/Environment/Vegetation/Small/Small using Guid(60e74b6719d68f3419a15feae5f72f83) Importer(815301076,1909f56bfc062723c751e8b465ee728b)  -> (artifact id: 'ed4f7f89d39d4d08d910bd3091489974') in 0.009152 seconds 
========================================================================
Received Import Request.
  Time since last request: 0.836017 seconds.
  path: Assets/3D Game Kit - Environment Pack/Environment/Vegetation/Small/Models
  artifactKey: Guid(4f7e65009f5884a44878d91d28368943) Importer(815301076,1909f56bfc062723c751e8b465ee728b)
Start importing Assets/3D Game Kit - Environment Pack/Environment/Vegetation/Small/Models using Guid(4f7e65009f5884a44878d91d28368943) Importer(815301076,1909f56bfc062723c751e8b465ee728b)  -> (artifact id: '7057626aa56c1387cd63559432a85b99') in 0.002611 seconds 
========================================================================
Received Import Request.
  Time since last request: 0.144675 seconds.
  path: Assets/3D Game Kit - Environment Pack/Environment/Vegetation/Small/Models/VegetationSmall01_Glowing.mat
  artifactKey: Guid(6b50833ee3cb96c459e29fd78fbee948) Importer(815301076,1909f56bfc062723c751e8b465ee728b)
Start importing Assets/3D Game Kit - Environment Pack/Environment/Vegetation/Small/Models/VegetationSmall01_Glowing.mat using Guid(6b50833ee3cb96c459e29fd78fbee948) Importer(815301076,1909f56bfc062723c751e8b465ee728b)  -> (artifact id: '1ced1e9321b546baf1981ac6dbf3ec78') in 0.189770 seconds 
========================================================================
Received Import Request.
  Time since last request: 0.000019 seconds.
  path: Assets/3D Game Kit - Environment Pack/Environment/Vegetation/Small/Models/VegetationSmall06_Mat.mat
  artifactKey: Guid(5405f4473c846ef408c58df310ad92d3) Importer(815301076,1909f56bfc062723c751e8b465ee728b)
Start importing Assets/3D Game Kit - Environment Pack/Environment/Vegetation/Small/Models/VegetationSmall06_Mat.mat using Guid(5405f4473c846ef408c58df310ad92d3) Importer(815301076,1909f56bfc062723c751e8b465ee728b)  -> (artifact id: '61ac3debc74454ed3339b697b9cc8c59') in 0.025502 seconds 
========================================================================
Received Import Request.
  Time since last request: 0.000024 seconds.
  path: Assets/3D Game Kit - Environment Pack/Environment/Vegetation/Small/Models/VegetationSmall02_Mat.mat
  artifactKey: Guid(644c4d990d0ad604db9961f895c8b9f9) Importer(815301076,1909f56bfc062723c751e8b465ee728b)
Start importing Assets/3D Game Kit - Environment Pack/Environment/Vegetation/Small/Models/VegetationSmall02_Mat.mat using Guid(644c4d990d0ad604db9961f895c8b9f9) Importer(815301076,1909f56bfc062723c751e8b465ee728b)  -> (artifact id: 'e850825bf0ede0db28a7752aa093525c') in 0.011747 seconds 
========================================================================
Received Import Request.
  Time since last request: 0.000016 seconds.
  path: Assets/3D Game Kit - Environment Pack/Environment/Vegetation/Small/Models/VegetationSmall03_Mat.mat
  artifactKey: Guid(d26378d7be0d13f468c0ddf749479579) Importer(815301076,1909f56bfc062723c751e8b465ee728b)
Start importing Assets/3D Game Kit - Environment Pack/Environment/Vegetation/Small/Models/VegetationSmall03_Mat.mat using Guid(d26378d7be0d13f468c0ddf749479579) Importer(815301076,1909f56bfc062723c751e8b465ee728b)  -> (artifact id: 'bab77a7fc8caa27c04f6a287d414fa8c') in 0.011025 seconds 
========================================================================
Received Import Request.
  Time since last request: 0.000015 seconds.
  path: Assets/3D Game Kit - Environment Pack/Environment/Vegetation/Small/Models/VegetationSmall01_MidGlow.mat
  artifactKey: Guid(d376df56b7d6a0d48b993388bd197827) Importer(815301076,1909f56bfc062723c751e8b465ee728b)
Start importing Assets/3D Game Kit - Environment Pack/Environment/Vegetation/Small/Models/VegetationSmall01_MidGlow.mat using Guid(d376df56b7d6a0d48b993388bd197827) Importer(815301076,1909f56bfc062723c751e8b465ee728b)  -> (artifact id: '3e7733ef8ec00a9a8d735c94abac2645') in 0.093277 seconds 
========================================================================
Received Import Request.
  Time since last request: 1.872546 seconds.
  path: Assets/3D Game Kit - Environment Pack/Environment/Vegetation/Small/Small/VegetationSmall01.fbx
  artifactKey: Guid(266f03476f36b2945b733736a459bf7a) Importer(815301076,1909f56bfc062723c751e8b465ee728b)
Start importing Assets/3D Game Kit - Environment Pack/Environment/Vegetation/Small/Small/VegetationSmall01.fbx using Guid(266f03476f36b2945b733736a459bf7a) Importer(815301076,1909f56bfc062723c751e8b465ee728b)  -> (artifact id: '888ac534515cc5d4e9a661b145f45ee7') in 0.202803 seconds 
========================================================================
Received Import Request.
  Time since last request: 0.000021 seconds.
  path: Assets/3D Game Kit - Environment Pack/Environment/Vegetation/Small/Small/VegetationSmall05_03.fbx
  artifactKey: Guid(149aaa745b6046944bffef9b4c5e7adc) Importer(815301076,1909f56bfc062723c751e8b465ee728b)
Start importing Assets/3D Game Kit - Environment Pack/Environment/Vegetation/Small/Small/VegetationSmall05_03.fbx using Guid(149aaa745b6046944bffef9b4c5e7adc) Importer(815301076,1909f56bfc062723c751e8b465ee728b)  -> (artifact id: '3608477671cff88a7a6ece650c656a5f') in 0.036357 seconds 
========================================================================
Received Import Request.
  Time since last request: 0.000025 seconds.
  path: Assets/3D Game Kit - Environment Pack/Environment/Vegetation/Small/Small/VegetationSmall04.fbx
  artifactKey: Guid(2fe21ce46fd85014590e30e91e49aedc) Importer(815301076,1909f56bfc062723c751e8b465ee728b)
Start importing Assets/3D Game Kit - Environment Pack/Environment/Vegetation/Small/Small/VegetationSmall04.fbx using Guid(2fe21ce46fd85014590e30e91e49aedc) Importer(815301076,1909f56bfc062723c751e8b465ee728b)  -> (artifact id: '293d64014df46b26cd65a9cd6d754b2e') in 0.037517 seconds 
========================================================================
Received Import Request.
  Time since last request: 0.000023 seconds.
  path: Assets/3D Game Kit - Environment Pack/Environment/Vegetation/Small/Small/VegetationSmall04_02.fbx
  artifactKey: Guid(62bf2c5e2fe738b4585f3f18abfbfe1f) Importer(815301076,1909f56bfc062723c751e8b465ee728b)
Start importing Assets/3D Game Kit - Environment Pack/Environment/Vegetation/Small/Small/VegetationSmall04_02.fbx using Guid(62bf2c5e2fe738b4585f3f18abfbfe1f) Importer(815301076,1909f56bfc062723c751e8b465ee728b)  -> (artifact id: '92556df1daf407a98e91f7d8cd0d894b') in 0.035711 seconds 
========================================================================
Received Import Request.
  Time since last request: 0.000018 seconds.
  path: Assets/3D Game Kit - Environment Pack/Environment/Vegetation/Small/Small/VegetationSmall07_03.fbx
  artifactKey: Guid(8ca07e83a1542b842b8d4f9579768b26) Importer(815301076,1909f56bfc062723c751e8b465ee728b)
Start importing Assets/3D Game Kit - Environment Pack/Environment/Vegetation/Small/Small/VegetationSmall07_03.fbx using Guid(8ca07e83a1542b842b8d4f9579768b26) Importer(815301076,1909f56bfc062723c751e8b465ee728b)  -> (artifact id: '5012b5a84710e50b2003f6a62132e694') in 0.034287 seconds 
Editor requested this worker to shutdown with reason: Scaling down because of idle timeout
AssetImportWorker is now disconnected from the server
Process exiting
Exiting without the bug reporter. Application will terminate with return code 0